I, [2015-03-12T19:16:52.831681 #22645]  INFO -- Kitchen: -----> Starting Kitchen (v1.3.1)
E, [2015-03-12T19:16:53.877327 #22645] ERROR -- Kitchen: 
No instances for regex `webserver', try running `kitchen list'


I, [2015-03-12T19:16:57.930508 #22666]  INFO -- Kitchen: -----> Starting Kitchen (v1.3.1)
I, [2015-03-12T19:16:58.969602 #22666]  INFO -- Kitchen: -----> Creating <webServer1-centos-66>...
I, [2015-03-12T19:17:43.951909 #22666]  INFO -- Kitchen: -----> Converging <webServer1-centos-66>...
I, [2015-03-12T19:19:32.608400 #22666]  INFO -- Kitchen: -----> Creating <webServer2-centos-66>...
I, [2015-03-12T19:20:23.180623 #22666]  INFO -- Kitchen: -----> Converging <webServer2-centos-66>...
I, [2015-03-12T19:21:13.451807 #22666]  INFO -- Kitchen: -----> Kitchen is finished. (4m15.52s)
I, [2015-03-12T19:22:44.187288 #25807]  INFO -- Kitchen: -----> Starting Kitchen (v1.3.1)
I, [2015-03-12T19:22:45.295896 #25807]  INFO -- Kitchen: -----> Creating <loadBalancer-centos-66>...
I, [2015-03-12T19:23:37.703889 #25807]  INFO -- Kitchen: -----> Converging <loadBalancer-centos-66>...
E, [2015-03-12T19:24:59.216262 #25807] ERROR -- Kitchen: Converge failed on instance <loadBalancer-centos-66>.
I, [2015-03-13T11:40:34.450172 #4556]  INFO -- Kitchen: -----> Starting Kitchen (v1.3.1)
I, [2015-03-13T11:40:35.546239 #4556]  INFO -- Kitchen: -----> Converging <loadBalancer-centos-66>...
E, [2015-03-13T11:40:38.294605 #4556] ERROR -- Kitchen: ------Exception-------
E, [2015-03-13T11:40:38.294687 #4556] ERROR -- Kitchen: Class: Kitchen::ActionFailed
E, [2015-03-13T11:40:38.294714 #4556] ERROR -- Kitchen: Message: Failed to complete #converge action: [Connection refused - connect(2)]
E, [2015-03-13T11:40:38.294736 #4556] ERROR -- Kitchen: ---Nested Exception---
E, [2015-03-13T11:40:38.294757 #4556] ERROR -- Kitchen: Class: Errno::ECONNREFUSED
E, [2015-03-13T11:40:38.294778 #4556] ERROR -- Kitchen: Message: Connection refused - connect(2)
E, [2015-03-13T11:40:38.294802 #4556] ERROR -- Kitchen: ------Backtrace-------
E, [2015-03-13T11:40:38.294824 #4556] ERROR -- Kitchen: /home/rgonzalez/.rvm/gems/ruby-2.0.0-p598/gems/net-ssh-2.9.2/lib/net/ssh/transport/session.rb:70:in `initialize'
E, [2015-03-13T11:40:38.294847 #4556] ERROR -- Kitchen: /home/rgonzalez/.rvm/gems/ruby-2.0.0-p598/gems/net-ssh-2.9.2/lib/net/ssh/transport/session.rb:70:in `open'
E, [2015-03-13T11:40:38.294869 #4556] ERROR -- Kitchen: /home/rgonzalez/.rvm/gems/ruby-2.0.0-p598/gems/net-ssh-2.9.2/lib/net/ssh/transport/session.rb:70:in `block in initialize'
E, [2015-03-13T11:40:38.294890 #4556] ERROR -- Kitchen: /home/rgonzalez/.rvm/rubies/ruby-2.0.0-p598/lib/ruby/2.0.0/timeout.rb:52:in `timeout'
E, [2015-03-13T11:40:38.294912 #4556] ERROR -- Kitchen: /home/rgonzalez/.rvm/rubies/ruby-2.0.0-p598/lib/ruby/2.0.0/timeout.rb:97:in `timeout'
E, [2015-03-13T11:40:38.294933 #4556] ERROR -- Kitchen: /home/rgonzalez/.rvm/gems/ruby-2.0.0-p598/gems/net-ssh-2.9.2/lib/net/ssh/transport/session.rb:67:in `initialize'
E, [2015-03-13T11:40:38.294955 #4556] ERROR -- Kitchen: /home/rgonzalez/.rvm/gems/ruby-2.0.0-p598/gems/net-ssh-2.9.2/lib/net/ssh.rb:207:in `new'
E, [2015-03-13T11:40:38.294977 #4556] ERROR -- Kitchen: /home/rgonzalez/.rvm/gems/ruby-2.0.0-p598/gems/net-ssh-2.9.2/lib/net/ssh.rb:207:in `start'
E, [2015-03-13T11:40:38.294999 #4556] ERROR -- Kitchen: /home/rgonzalez/.rvm/gems/ruby-2.0.0-p598/gems/test-kitchen-1.3.1/lib/kitchen/ssh.rb:201:in `establish_connection'
E, [2015-03-13T11:40:38.295021 #4556] ERROR -- Kitchen: /home/rgonzalez/.rvm/gems/ruby-2.0.0-p598/gems/test-kitchen-1.3.1/lib/kitchen/ssh.rb:184:in `session'
E, [2015-03-13T11:40:38.295043 #4556] ERROR -- Kitchen: /home/rgonzalez/.rvm/gems/ruby-2.0.0-p598/gems/test-kitchen-1.3.1/lib/kitchen/ssh.rb:236:in `exec_with_exit'
E, [2015-03-13T11:40:38.295065 #4556] ERROR -- Kitchen: /home/rgonzalez/.rvm/gems/ruby-2.0.0-p598/gems/test-kitchen-1.3.1/lib/kitchen/ssh.rb:81:in `exec'
E, [2015-03-13T11:40:38.295087 #4556] ERROR -- Kitchen: /home/rgonzalez/.rvm/gems/ruby-2.0.0-p598/gems/test-kitchen-1.3.1/lib/kitchen/driver/ssh_base.rb:150:in `run_remote'
E, [2015-03-13T11:40:38.295115 #4556] ERROR -- Kitchen: /home/rgonzalez/.rvm/gems/ruby-2.0.0-p598/gems/test-kitchen-1.3.1/lib/kitchen/driver/ssh_base.rb:46:in `block in converge'
E, [2015-03-13T11:40:38.295139 #4556] ERROR -- Kitchen: /home/rgonzalez/.rvm/gems/ruby-2.0.0-p598/gems/test-kitchen-1.3.1/lib/kitchen/ssh.rb:70:in `initialize'
E, [2015-03-13T11:40:38.295161 #4556] ERROR -- Kitchen: /home/rgonzalez/.rvm/gems/ruby-2.0.0-p598/gems/test-kitchen-1.3.1/lib/kitchen/driver/ssh_base.rb:45:in `new'
E, [2015-03-13T11:40:38.295183 #4556] ERROR -- Kitchen: /home/rgonzalez/.rvm/gems/ruby-2.0.0-p598/gems/test-kitchen-1.3.1/lib/kitchen/driver/ssh_base.rb:45:in `converge'
E, [2015-03-13T11:40:38.295205 #4556] ERROR -- Kitchen: /home/rgonzalez/.rvm/gems/ruby-2.0.0-p598/gems/kitchen-vagrant-0.15.0/lib/kitchen/driver/vagrant.rb:75:in `converge'
E, [2015-03-13T11:40:38.295227 #4556] ERROR -- Kitchen: /home/rgonzalez/.rvm/gems/ruby-2.0.0-p598/gems/test-kitchen-1.3.1/lib/kitchen/instance.rb:352:in `public_send'
E, [2015-03-13T11:40:38.295250 #4556] ERROR -- Kitchen: /home/rgonzalez/.rvm/gems/ruby-2.0.0-p598/gems/test-kitchen-1.3.1/lib/kitchen/instance.rb:352:in `block in perform_action'
E, [2015-03-13T11:40:38.295271 #4556] ERROR -- Kitchen: /home/rgonzalez/.rvm/gems/ruby-2.0.0-p598/gems/test-kitchen-1.3.1/lib/kitchen/instance.rb:416:in `call'
E, [2015-03-13T11:40:38.295293 #4556] ERROR -- Kitchen: /home/rgonzalez/.rvm/gems/ruby-2.0.0-p598/gems/test-kitchen-1.3.1/lib/kitchen/instance.rb:416:in `synchronize_or_call'
E, [2015-03-13T11:40:38.295315 #4556] ERROR -- Kitchen: /home/rgonzalez/.rvm/gems/ruby-2.0.0-p598/gems/test-kitchen-1.3.1/lib/kitchen/instance.rb:381:in `block in action'
E, [2015-03-13T11:40:38.295337 #4556] ERROR -- Kitchen: /home/rgonzalez/.rvm/rubies/ruby-2.0.0-p598/lib/ruby/2.0.0/benchmark.rb:281:in `measure'
E, [2015-03-13T11:40:38.295359 #4556] ERROR -- Kitchen: /home/rgonzalez/.rvm/gems/ruby-2.0.0-p598/gems/test-kitchen-1.3.1/lib/kitchen/instance.rb:380:in `action'
E, [2015-03-13T11:40:38.295381 #4556] ERROR -- Kitchen: /home/rgonzalez/.rvm/gems/ruby-2.0.0-p598/gems/test-kitchen-1.3.1/lib/kitchen/instance.rb:352:in `perform_action'
E, [2015-03-13T11:40:38.295402 #4556] ERROR -- Kitchen: /home/rgonzalez/.rvm/gems/ruby-2.0.0-p598/gems/test-kitchen-1.3.1/lib/kitchen/instance.rb:312:in `converge_action'
E, [2015-03-13T11:40:38.295425 #4556] ERROR -- Kitchen: /home/rgonzalez/.rvm/gems/ruby-2.0.0-p598/gems/test-kitchen-1.3.1/lib/kitchen/instance.rb:292:in `block in transition_to'
E, [2015-03-13T11:40:38.295447 #4556] ERROR -- Kitchen: /home/rgonzalez/.rvm/gems/ruby-2.0.0-p598/gems/test-kitchen-1.3.1/lib/kitchen/instance.rb:291:in `each'
E, [2015-03-13T11:40:38.295469 #4556] ERROR -- Kitchen: /home/rgonzalez/.rvm/gems/ruby-2.0.0-p598/gems/test-kitchen-1.3.1/lib/kitchen/instance.rb:291:in `transition_to'
E, [2015-03-13T11:40:38.295491 #4556] ERROR -- Kitchen: /home/rgonzalez/.rvm/gems/ruby-2.0.0-p598/gems/test-kitchen-1.3.1/lib/kitchen/instance.rb:130:in `converge'
E, [2015-03-13T11:40:38.295513 #4556] ERROR -- Kitchen: /home/rgonzalez/.rvm/gems/ruby-2.0.0-p598/gems/test-kitchen-1.3.1/lib/kitchen/command.rb:176:in `public_send'
E, [2015-03-13T11:40:38.295535 #4556] ERROR -- Kitchen: /home/rgonzalez/.rvm/gems/ruby-2.0.0-p598/gems/test-kitchen-1.3.1/lib/kitchen/command.rb:176:in `block (2 levels) in run_action'
E, [2015-03-13T11:40:38.295556 #4556] ERROR -- Kitchen: /home/rgonzalez/.rvm/gems/ruby-2.0.0-p598/gems/logging-1.8.2/lib/logging/diagnostic_context.rb:323:in `call'
E, [2015-03-13T11:40:38.295578 #4556] ERROR -- Kitchen: /home/rgonzalez/.rvm/gems/ruby-2.0.0-p598/gems/logging-1.8.2/lib/logging/diagnostic_context.rb:323:in `block in create_with_logging_context'
E, [2015-03-13T11:40:38.295600 #4556] ERROR -- Kitchen: ----------------------
I, [2015-03-13T11:41:35.529492 #4609]  INFO -- Kitchen: -----> Starting Kitchen (v1.3.1)
I, [2015-03-13T11:41:36.597560 #4609]  INFO -- Kitchen: -----> Converging <loadBalancer-centos-66>...
E, [2015-03-13T11:41:38.623758 #4609] ERROR -- Kitchen: ------Exception-------
E, [2015-03-13T11:41:38.623819 #4609] ERROR -- Kitchen: Class: Kitchen::ActionFailed
E, [2015-03-13T11:41:38.623851 #4609] ERROR -- Kitchen: Message: Failed to complete #converge action: [Connection refused - connect(2)]
E, [2015-03-13T11:41:38.623875 #4609] ERROR -- Kitchen: ---Nested Exception---
E, [2015-03-13T11:41:38.623898 #4609] ERROR -- Kitchen: Class: Errno::ECONNREFUSED
E, [2015-03-13T11:41:38.623933 #4609] ERROR -- Kitchen: Message: Connection refused - connect(2)
E, [2015-03-13T11:41:38.623955 #4609] ERROR -- Kitchen: ------Backtrace-------
E, [2015-03-13T11:41:38.623987 #4609] ERROR -- Kitchen: /home/rgonzalez/.rvm/gems/ruby-2.0.0-p598/gems/net-ssh-2.9.2/lib/net/ssh/transport/session.rb:70:in `initialize'
E, [2015-03-13T11:41:38.624026 #4609] ERROR -- Kitchen: /home/rgonzalez/.rvm/gems/ruby-2.0.0-p598/gems/net-ssh-2.9.2/lib/net/ssh/transport/session.rb:70:in `open'
E, [2015-03-13T11:41:38.624063 #4609] ERROR -- Kitchen: /home/rgonzalez/.rvm/gems/ruby-2.0.0-p598/gems/net-ssh-2.9.2/lib/net/ssh/transport/session.rb:70:in `block in initialize'
E, [2015-03-13T11:41:38.624084 #4609] ERROR -- Kitchen: /home/rgonzalez/.rvm/rubies/ruby-2.0.0-p598/lib/ruby/2.0.0/timeout.rb:52:in `timeout'
E, [2015-03-13T11:41:38.624106 #4609] ERROR -- Kitchen: /home/rgonzalez/.rvm/rubies/ruby-2.0.0-p598/lib/ruby/2.0.0/timeout.rb:97:in `timeout'
E, [2015-03-13T11:41:38.624126 #4609] ERROR -- Kitchen: /home/rgonzalez/.rvm/gems/ruby-2.0.0-p598/gems/net-ssh-2.9.2/lib/net/ssh/transport/session.rb:67:in `initialize'
E, [2015-03-13T11:41:38.624147 #4609] ERROR -- Kitchen: /home/rgonzalez/.rvm/gems/ruby-2.0.0-p598/gems/net-ssh-2.9.2/lib/net/ssh.rb:207:in `new'
E, [2015-03-13T11:41:38.624167 #4609] ERROR -- Kitchen: /home/rgonzalez/.rvm/gems/ruby-2.0.0-p598/gems/net-ssh-2.9.2/lib/net/ssh.rb:207:in `start'
E, [2015-03-13T11:41:38.624187 #4609] ERROR -- Kitchen: /home/rgonzalez/.rvm/gems/ruby-2.0.0-p598/gems/test-kitchen-1.3.1/lib/kitchen/ssh.rb:201:in `establish_connection'
E, [2015-03-13T11:41:38.624229 #4609] ERROR -- Kitchen: /home/rgonzalez/.rvm/gems/ruby-2.0.0-p598/gems/test-kitchen-1.3.1/lib/kitchen/ssh.rb:184:in `session'
E, [2015-03-13T11:41:38.624252 #4609] ERROR -- Kitchen: /home/rgonzalez/.rvm/gems/ruby-2.0.0-p598/gems/test-kitchen-1.3.1/lib/kitchen/ssh.rb:236:in `exec_with_exit'
E, [2015-03-13T11:41:38.624274 #4609] ERROR -- Kitchen: /home/rgonzalez/.rvm/gems/ruby-2.0.0-p598/gems/test-kitchen-1.3.1/lib/kitchen/ssh.rb:81:in `exec'
E, [2015-03-13T11:41:38.624295 #4609] ERROR -- Kitchen: /home/rgonzalez/.rvm/gems/ruby-2.0.0-p598/gems/test-kitchen-1.3.1/lib/kitchen/driver/ssh_base.rb:150:in `run_remote'
E, [2015-03-13T11:41:38.624315 #4609] ERROR -- Kitchen: /home/rgonzalez/.rvm/gems/ruby-2.0.0-p598/gems/test-kitchen-1.3.1/lib/kitchen/driver/ssh_base.rb:46:in `block in converge'
E, [2015-03-13T11:41:38.624336 #4609] ERROR -- Kitchen: /home/rgonzalez/.rvm/gems/ruby-2.0.0-p598/gems/test-kitchen-1.3.1/lib/kitchen/ssh.rb:70:in `initialize'
E, [2015-03-13T11:41:38.624357 #4609] ERROR -- Kitchen: /home/rgonzalez/.rvm/gems/ruby-2.0.0-p598/gems/test-kitchen-1.3.1/lib/kitchen/driver/ssh_base.rb:45:in `new'
E, [2015-03-13T11:41:38.624377 #4609] ERROR -- Kitchen: /home/rgonzalez/.rvm/gems/ruby-2.0.0-p598/gems/test-kitchen-1.3.1/lib/kitchen/driver/ssh_base.rb:45:in `converge'
E, [2015-03-13T11:41:38.624398 #4609] ERROR -- Kitchen: /home/rgonzalez/.rvm/gems/ruby-2.0.0-p598/gems/kitchen-vagrant-0.15.0/lib/kitchen/driver/vagrant.rb:75:in `converge'
E, [2015-03-13T11:41:38.624418 #4609] ERROR -- Kitchen: /home/rgonzalez/.rvm/gems/ruby-2.0.0-p598/gems/test-kitchen-1.3.1/lib/kitchen/instance.rb:352:in `public_send'
E, [2015-03-13T11:41:38.624439 #4609] ERROR -- Kitchen: /home/rgonzalez/.rvm/gems/ruby-2.0.0-p598/gems/test-kitchen-1.3.1/lib/kitchen/instance.rb:352:in `block in perform_action'
E, [2015-03-13T11:41:38.624460 #4609] ERROR -- Kitchen: /home/rgonzalez/.rvm/gems/ruby-2.0.0-p598/gems/test-kitchen-1.3.1/lib/kitchen/instance.rb:416:in `call'
E, [2015-03-13T11:41:38.624481 #4609] ERROR -- Kitchen: /home/rgonzalez/.rvm/gems/ruby-2.0.0-p598/gems/test-kitchen-1.3.1/lib/kitchen/instance.rb:416:in `synchronize_or_call'
E, [2015-03-13T11:41:38.624507 #4609] ERROR -- Kitchen: /home/rgonzalez/.rvm/gems/ruby-2.0.0-p598/gems/test-kitchen-1.3.1/lib/kitchen/instance.rb:381:in `block in action'
E, [2015-03-13T11:41:38.624529 #4609] ERROR -- Kitchen: /home/rgonzalez/.rvm/rubies/ruby-2.0.0-p598/lib/ruby/2.0.0/benchmark.rb:281:in `measure'
E, [2015-03-13T11:41:38.624550 #4609] ERROR -- Kitchen: /home/rgonzalez/.rvm/gems/ruby-2.0.0-p598/gems/test-kitchen-1.3.1/lib/kitchen/instance.rb:380:in `action'
E, [2015-03-13T11:41:38.624570 #4609] ERROR -- Kitchen: /home/rgonzalez/.rvm/gems/ruby-2.0.0-p598/gems/test-kitchen-1.3.1/lib/kitchen/instance.rb:352:in `perform_action'
E, [2015-03-13T11:41:38.624591 #4609] ERROR -- Kitchen: /home/rgonzalez/.rvm/gems/ruby-2.0.0-p598/gems/test-kitchen-1.3.1/lib/kitchen/instance.rb:312:in `converge_action'
E, [2015-03-13T11:41:38.624612 #4609] ERROR -- Kitchen: /home/rgonzalez/.rvm/gems/ruby-2.0.0-p598/gems/test-kitchen-1.3.1/lib/kitchen/instance.rb:292:in `block in transition_to'
E, [2015-03-13T11:41:38.624632 #4609] ERROR -- Kitchen: /home/rgonzalez/.rvm/gems/ruby-2.0.0-p598/gems/test-kitchen-1.3.1/lib/kitchen/instance.rb:291:in `each'
E, [2015-03-13T11:41:38.624653 #4609] ERROR -- Kitchen: /home/rgonzalez/.rvm/gems/ruby-2.0.0-p598/gems/test-kitchen-1.3.1/lib/kitchen/instance.rb:291:in `transition_to'
E, [2015-03-13T11:41:38.624674 #4609] ERROR -- Kitchen: /home/rgonzalez/.rvm/gems/ruby-2.0.0-p598/gems/test-kitchen-1.3.1/lib/kitchen/instance.rb:130:in `converge'
E, [2015-03-13T11:41:38.624695 #4609] ERROR -- Kitchen: /home/rgonzalez/.rvm/gems/ruby-2.0.0-p598/gems/test-kitchen-1.3.1/lib/kitchen/command.rb:176:in `public_send'
E, [2015-03-13T11:41:38.624716 #4609] ERROR -- Kitchen: /home/rgonzalez/.rvm/gems/ruby-2.0.0-p598/gems/test-kitchen-1.3.1/lib/kitchen/command.rb:176:in `block (2 levels) in run_action'
E, [2015-03-13T11:41:38.624737 #4609] ERROR -- Kitchen: /home/rgonzalez/.rvm/gems/ruby-2.0.0-p598/gems/logging-1.8.2/lib/logging/diagnostic_context.rb:323:in `call'
E, [2015-03-13T11:41:38.624757 #4609] ERROR -- Kitchen: /home/rgonzalez/.rvm/gems/ruby-2.0.0-p598/gems/logging-1.8.2/lib/logging/diagnostic_context.rb:323:in `block in create_with_logging_context'
E, [2015-03-13T11:41:38.624778 #4609] ERROR -- Kitchen: ----------------------
I, [2015-03-13T11:42:20.663708 #4650]  INFO -- Kitchen: -----> Starting Kitchen (v1.3.1)
I, [2015-03-13T11:42:21.746092 #4650]  INFO -- Kitchen: -----> Destroying <loadBalancer-centos-66>...
I, [2015-03-13T11:42:26.283801 #4650]  INFO -- Kitchen: -----> Kitchen is finished. (0m5.62s)
I, [2015-03-13T11:42:31.187650 #4976]  INFO -- Kitchen: -----> Starting Kitchen (v1.3.1)
I, [2015-03-13T11:42:32.254206 #4976]  INFO -- Kitchen: -----> Creating <loadBalancer-centos-66>...
I, [2015-03-13T11:43:26.614454 #4976]  INFO -- Kitchen: -----> Converging <loadBalancer-centos-66>...
E, [2015-03-13T11:44:38.283090 #4976] ERROR -- Kitchen: Converge failed on instance <loadBalancer-centos-66>.
I, [2015-03-13T11:48:35.444416 #6504]  INFO -- Kitchen: -----> Starting Kitchen (v1.3.1)
I, [2015-03-13T11:48:36.545666 #6504]  INFO -- Kitchen: -----> Converging <loadBalancer-centos-66>...
I, [2015-03-13T11:48:44.165528 #6504]  INFO -- Kitchen: -----> Kitchen is finished. (0m8.72s)
I, [2015-03-13T11:48:50.552528 #6544]  INFO -- Kitchen: -----> Starting Kitchen (v1.3.1)
I, [2015-03-13T11:48:51.638816 #6544]  INFO -- Kitchen: -----> Destroying <default-centos-66>...
I, [2015-03-13T11:48:51.640568 #6544]  INFO -- Kitchen: -----> Destroying <webServer1-centos-66>...
I, [2015-03-13T11:48:55.016337 #6544]  INFO -- Kitchen: -----> Destroying <webServer2-centos-66>...
I, [2015-03-13T11:48:58.361244 #6544]  INFO -- Kitchen: -----> Destroying <loadBalancer-centos-66>...
I, [2015-03-13T11:49:01.945264 #6544]  INFO -- Kitchen: -----> Kitchen is finished. (0m11.39s)
I, [2015-03-13T11:50:25.475516 #7468]  INFO -- Kitchen: -----> Starting Kitchen (v1.3.1)
I, [2015-03-13T11:50:26.541228 #7468]  INFO -- Kitchen: -----> Creating <default-centos-66>...
I, [2015-03-13T11:51:17.539666 #7468]  INFO -- Kitchen: -----> Converging <default-centos-66>...
I, [2015-03-13T11:52:35.781807 #7468]  INFO -- Kitchen: -----> Creating <webServer1-centos-66>...
I, [2015-03-13T11:53:20.630350 #7468]  INFO -- Kitchen: -----> Converging <webServer1-centos-66>...
I, [2015-03-13T11:54:52.229046 #7468]  INFO -- Kitchen: -----> Creating <webServer2-centos-66>...
I, [2015-03-13T11:55:39.741543 #7468]  INFO -- Kitchen: -----> Converging <webServer2-centos-66>...
I, [2015-03-13T11:57:59.135705 #7468]  INFO -- Kitchen: -----> Creating <loadBalancer-centos-66>...
I, [2015-03-13T11:58:47.830302 #7468]  INFO -- Kitchen: -----> Converging <loadBalancer-centos-66>...
I, [2015-03-13T11:59:40.117331 #7468]  INFO -- Kitchen: -----> Kitchen is finished. (9m14.64s)
I, [2015-03-13T12:01:02.677296 #12995]  INFO -- Kitchen: -----> Starting Kitchen (v1.3.1)
I, [2015-03-13T12:01:03.906355 #12995]  INFO -- Kitchen: -----> Converging <default-centos-66>...
I, [2015-03-13T12:01:11.704620 #12995]  INFO -- Kitchen: -----> Converging <webServer1-centos-66>...
I, [2015-03-13T12:01:21.843183 #12995]  INFO -- Kitchen: -----> Converging <webServer2-centos-66>...
I, [2015-03-13T12:01:31.352914 #12995]  INFO -- Kitchen: -----> Converging <loadBalancer-centos-66>...
I, [2015-03-13T12:01:39.189326 #12995]  INFO -- Kitchen: -----> Kitchen is finished. (0m36.51s)
I, [2015-03-13T12:04:23.244669 #13123]  INFO -- Kitchen: -----> Starting Kitchen (v1.3.1)
I, [2015-03-13T12:04:24.374254 #13123]  INFO -- Kitchen: -----> Converging <default-centos-66>...
I, [2015-03-13T12:04:42.010517 #13123]  INFO -- Kitchen: -----> Converging <webServer1-centos-66>...
I, [2015-03-13T12:04:50.771823 #13123]  INFO -- Kitchen: -----> Converging <webServer2-centos-66>...
I, [2015-03-13T12:04:59.548941 #13123]  INFO -- Kitchen: -----> Converging <loadBalancer-centos-66>...
I, [2015-03-13T12:05:12.069380 #13123]  INFO -- Kitchen: -----> Kitchen is finished. (0m48.82s)
I, [2015-03-13T12:07:19.531401 #13248]  INFO -- Kitchen: -----> Starting Kitchen (v1.3.1)
I, [2015-03-13T12:07:20.612322 #13248]  INFO -- Kitchen: -----> Converging <loadBalancer-centos-66>...
E, [2015-03-13T12:07:31.128708 #13248] ERROR -- Kitchen: Converge failed on instance <loadBalancer-centos-66>.
I, [2015-03-13T12:08:28.451709 #13297]  INFO -- Kitchen: -----> Starting Kitchen (v1.3.1)
I, [2015-03-13T12:08:29.531590 #13297]  INFO -- Kitchen: -----> Converging <loadBalancer-centos-66>...
I, [2015-03-13T12:08:36.628657 #13297]  INFO -- Kitchen: -----> Kitchen is finished. (0m8.18s)
I, [2015-03-13T12:09:09.029697 #13345]  INFO -- Kitchen: -----> Starting Kitchen (v1.3.1)
I, [2015-03-13T12:09:10.108127 #13345]  INFO -- Kitchen: -----> Converging <loadBalancer-centos-66>...
I, [2015-03-13T12:09:17.626321 #13345]  INFO -- Kitchen: -----> Kitchen is finished. (0m8.60s)
I, [2015-03-13T12:10:34.906866 #13409]  INFO -- Kitchen: -----> Starting Kitchen (v1.3.1)
I, [2015-03-13T12:10:36.001751 #13409]  INFO -- Kitchen: -----> Converging <loadBalancer-centos-66>...
I, [2015-03-13T12:10:43.578493 #13409]  INFO -- Kitchen: -----> Kitchen is finished. (0m8.67s)
I, [2015-03-13T12:11:03.635595 #13458]  INFO -- Kitchen: -----> Starting Kitchen (v1.3.1)
I, [2015-03-13T12:11:04.708619 #13458]  INFO -- Kitchen: -----> Converging <loadBalancer-centos-66>...
I, [2015-03-13T12:11:12.199400 #13458]  INFO -- Kitchen: -----> Kitchen is finished. (0m8.56s)
I, [2015-03-13T12:11:57.975582 #13506]  INFO -- Kitchen: -----> Starting Kitchen (v1.3.1)
I, [2015-03-13T12:11:59.059663 #13506]  INFO -- Kitchen: -----> Destroying <loadBalancer-centos-66>...
I, [2015-03-13T12:12:02.754491 #13506]  INFO -- Kitchen: -----> Destroying <loadBalancer-ubuntu-1410>...
I, [2015-03-13T12:12:02.755078 #13506]  INFO -- Kitchen: -----> Kitchen is finished. (0m4.78s)
I, [2015-03-13T12:12:20.420389 #13844]  INFO -- Kitchen: -----> Starting Kitchen (v1.3.1)
I, [2015-03-13T12:12:21.508413 #13844]  INFO -- Kitchen: -----> Converging <default-centos-66>...
I, [2015-03-13T12:12:28.703312 #13844]  INFO -- Kitchen: -----> Creating <default-ubuntu-1410>...
I, [2015-03-13T12:13:29.217078 #13844]  INFO -- Kitchen: -----> Converging <default-ubuntu-1410>...
I, [2015-03-13T12:17:29.764152 #13844]  INFO -- Kitchen: -----> Converging <webServer1-centos-66>...
I, [2015-03-13T12:17:38.710291 #13844]  INFO -- Kitchen: -----> Creating <webServer1-ubuntu-1410>...
I, [2015-03-13T12:18:42.710702 #13844]  INFO -- Kitchen: -----> Converging <webServer1-ubuntu-1410>...
I, [2015-03-13T12:20:42.404135 #13844]  INFO -- Kitchen: -----> Converging <webServer2-centos-66>...
I, [2015-03-13T12:20:51.165718 #13844]  INFO -- Kitchen: -----> Creating <webServer2-ubuntu-1410>...
I, [2015-03-13T12:21:50.521265 #13844]  INFO -- Kitchen: -----> Converging <webServer2-ubuntu-1410>...
I, [2015-03-13T12:24:07.464032 #13844]  INFO -- Kitchen: -----> Creating <loadBalancer-centos-66>...
I, [2015-03-13T12:25:00.310580 #13844]  INFO -- Kitchen: -----> Converging <loadBalancer-centos-66>...
I, [2015-03-13T12:25:59.036322 #13844]  INFO -- Kitchen: -----> Creating <loadBalancer-ubuntu-1410>...
I, [2015-03-13T12:27:01.091678 #13844]  INFO -- Kitchen: -----> Converging <loadBalancer-ubuntu-1410>...
I, [2015-03-13T12:28:32.623316 #13844]  INFO -- Kitchen: -----> Kitchen is finished. (16m12.20s)
I, [2015-03-13T12:32:23.165236 #20636]  INFO -- Kitchen: -----> Starting Kitchen (v1.3.1)
I, [2015-03-13T12:32:24.250667 #20636]  INFO -- Kitchen: -----> Destroying <default-centos-66>...
I, [2015-03-13T12:32:28.664174 #20636]  INFO -- Kitchen: -----> Destroying <default-ubuntu-1410>...
I, [2015-03-13T12:32:32.421954 #20636]  INFO -- Kitchen: -----> Destroying <webServer1-centos-66>...
I, [2015-03-13T12:32:37.199183 #20636]  INFO -- Kitchen: -----> Destroying <webServer1-ubuntu-1410>...
I, [2015-03-13T12:32:40.956801 #20636]  INFO -- Kitchen: -----> Destroying <webServer2-centos-66>...
I, [2015-03-13T12:32:44.785123 #20636]  INFO -- Kitchen: -----> Destroying <webServer2-ubuntu-1410>...
I, [2015-03-13T12:32:48.548291 #20636]  INFO -- Kitchen: -----> Destroying <loadBalancer-centos-66>...
I, [2015-03-13T12:32:52.259988 #20636]  INFO -- Kitchen: -----> Destroying <loadBalancer-ubuntu-1410>...
I, [2015-03-13T12:32:55.779676 #20636]  INFO -- Kitchen: -----> Kitchen is finished. (0m32.61s)
I, [2015-03-13T15:10:53.602934 #24024]  INFO -- Kitchen: -----> Starting Kitchen (v1.3.1)
I, [2015-03-13T15:10:54.672238 #24024]  INFO -- Kitchen: -----> Creating <webServer1-centos-66>...
I, [2015-03-13T15:11:43.775306 #24024]  INFO -- Kitchen: -----> Converging <webServer1-centos-66>...
I, [2015-03-13T15:13:04.198755 #24024]  INFO -- Kitchen: -----> Kitchen is finished. (2m10.60s)
I, [2015-03-13T15:13:53.993499 #25649]  INFO -- Kitchen: -----> Starting Kitchen (v1.3.1)
E, [2015-03-13T15:13:55.052921 #25649] ERROR -- Kitchen: 
No instances for regex `webServer1-centos', try running `kitchen list'


I, [2015-03-13T15:14:01.037895 #25672]  INFO -- Kitchen: -----> Starting Kitchen (v1.3.1)
I, [2015-03-13T15:14:02.110902 #25672]  INFO -- Kitchen: -----> Destroying <default-centos-66>...
I, [2015-03-13T15:14:02.112344 #25672]  INFO -- Kitchen: -----> Destroying <default-ubuntu-1410>...
I, [2015-03-13T15:14:02.112673 #25672]  INFO -- Kitchen: -----> Destroying <webServer-centos-66>...
I, [2015-03-13T15:14:02.112986 #25672]  INFO -- Kitchen: -----> Destroying <webServer-ubuntu-1410>...
I, [2015-03-13T15:14:02.113292 #25672]  INFO -- Kitchen: -----> Destroying <loadBalancer-centos-66>...
I, [2015-03-13T15:14:02.113596 #25672]  INFO -- Kitchen: -----> Destroying <loadBalancer-ubuntu-1410>...
I, [2015-03-13T15:14:02.113968 #25672]  INFO -- Kitchen: -----> Kitchen is finished. (0m1.08s)
I, [2015-03-13T15:14:29.359433 #25715]  INFO -- Kitchen: -----> Starting Kitchen (v1.3.1)
I, [2015-03-13T15:14:30.428067 #25715]  INFO -- Kitchen: -----> Converging <webServer1-centos-66>...
I, [2015-03-13T15:14:39.436022 #25715]  INFO -- Kitchen: -----> Kitchen is finished. (0m10.08s)
E, [2015-03-13T15:14:52.390900 #25758] ERROR -- Kitchen: 
Argument `' returned multiple results:
  * default-centos-66
  * default-ubuntu-1410
  * webServer1-centos-66
  * webServer1-ubuntu-1410
  * loadBalancer-centos-66
  * loadBalancer-ubuntu-1410


E, [2015-03-13T15:15:00.689043 #25775] ERROR -- Kitchen: 
Argument `webServer1' returned multiple results:
  * webServer1-centos-66
  * webServer1-ubuntu-1410


I, [2015-03-13T15:15:36.896484 #25809]  INFO -- Kitchen: -----> Starting Kitchen (v1.3.1)
I, [2015-03-13T15:15:37.960479 #25809]  INFO -- Kitchen: -----> Destroying <default-centos-66>...
I, [2015-03-13T15:15:37.961964 #25809]  INFO -- Kitchen: -----> Destroying <default-ubuntu-1410>...
I, [2015-03-13T15:15:37.962716 #25809]  INFO -- Kitchen: -----> Destroying <webServer1-centos-66>...
I, [2015-03-13T15:15:41.484140 #25809]  INFO -- Kitchen: -----> Destroying <webServer1-ubuntu-1410>...
I, [2015-03-13T15:15:41.484578 #25809]  INFO -- Kitchen: -----> Destroying <loadBalancer-centos-66>...
I, [2015-03-13T15:15:41.484909 #25809]  INFO -- Kitchen: -----> Destroying <loadBalancer-ubuntu-1410>...
I, [2015-03-13T15:15:41.485323 #25809]  INFO -- Kitchen: -----> Kitchen is finished. (0m4.59s)
I, [2015-03-13T15:16:15.289037 #26155]  INFO -- Kitchen: -----> Starting Kitchen (v1.3.1)
I, [2015-03-13T15:16:16.408573 #26155]  INFO -- Kitchen: -----> Creating <webServer-centos-66>...
I, [2015-03-13T15:17:09.569665 #26155]  INFO -- Kitchen: -----> Converging <webServer-centos-66>...
I, [2015-03-13T15:22:49.039843 #26155]  INFO -- Kitchen: -----> Creating <webServer-ubuntu-1410>...
I, [2015-03-13T15:23:51.000556 #26155]  INFO -- Kitchen: -----> Converging <webServer-ubuntu-1410>...
I, [2015-03-13T15:25:31.583939 #26155]  INFO -- Kitchen: -----> Kitchen is finished. (9m16.29s)
I, [2015-03-13T15:27:58.936435 #29057]  INFO -- Kitchen: -----> Starting Kitchen (v1.3.1)
E, [2015-03-13T15:27:58.938118 #29057] ERROR -- Kitchen: ------Exception-------
E, [2015-03-13T15:27:58.938152 #29057] ERROR -- Kitchen: Class: Kitchen::UserError
E, [2015-03-13T15:27:58.938176 #29057] ERROR -- Kitchen: Message: Error parsing /home/rgonzalez/chef-training/chef-repo/cookbooks/rgCookbook/.kitchen.yml as YAML.
Please run `kitchen diagnose --no-instances --loader' to help debug your issue.
E, [2015-03-13T15:27:58.938197 #29057] ERROR -- Kitchen: ---Nested Exception---
E, [2015-03-13T15:27:58.938218 #29057] ERROR -- Kitchen: Class: Psych::SyntaxError
E, [2015-03-13T15:27:58.938238 #29057] ERROR -- Kitchen: Message: (<unknown>): did not find expected key while parsing a block mapping at line 12 column 7
E, [2015-03-13T15:27:58.938258 #29057] ERROR -- Kitchen: ------Backtrace-------
E, [2015-03-13T15:27:58.938278 #29057] ERROR -- Kitchen: /home/rgonzalez/.rvm/gems/ruby-2.0.0-p598/gems/test-kitchen-1.3.1/lib/kitchen/loader/yaml.rb:343:in `rescue in parse_yaml_string'
E, [2015-03-13T15:27:58.938299 #29057] ERROR -- Kitchen: /home/rgonzalez/.rvm/gems/ruby-2.0.0-p598/gems/test-kitchen-1.3.1/lib/kitchen/loader/yaml.rb:332:in `parse_yaml_string'
E, [2015-03-13T15:27:58.938321 #29057] ERROR -- Kitchen: /home/rgonzalez/.rvm/gems/ruby-2.0.0-p598/gems/test-kitchen-1.3.1/lib/kitchen/loader/yaml.rb:138:in `yaml'
E, [2015-03-13T15:27:58.938342 #29057] ERROR -- Kitchen: /home/rgonzalez/.rvm/gems/ruby-2.0.0-p598/gems/test-kitchen-1.3.1/lib/kitchen/loader/yaml.rb:126:in `combined_hash'
E, [2015-03-13T15:27:58.938363 #29057] ERROR -- Kitchen: /home/rgonzalez/.rvm/gems/ruby-2.0.0-p598/gems/test-kitchen-1.3.1/lib/kitchen/loader/yaml.rb:77:in `read'
E, [2015-03-13T15:27:58.938384 #29057] ERROR -- Kitchen: /home/rgonzalez/.rvm/gems/ruby-2.0.0-p598/gems/test-kitchen-1.3.1/lib/kitchen/config.rb:139:in `data'
E, [2015-03-13T15:27:58.938404 #29057] ERROR -- Kitchen: /home/rgonzalez/.rvm/gems/ruby-2.0.0-p598/gems/test-kitchen-1.3.1/lib/kitchen/config.rb:118:in `suites'
E, [2015-03-13T15:27:58.938425 #29057] ERROR -- Kitchen: /home/rgonzalez/.rvm/gems/ruby-2.0.0-p598/gems/test-kitchen-1.3.1/lib/kitchen/config.rb:169:in `filter_instances'
E, [2015-03-13T15:27:58.938446 #29057] ERROR -- Kitchen: /home/rgonzalez/.rvm/gems/ruby-2.0.0-p598/gems/test-kitchen-1.3.1/lib/kitchen/config.rb:128:in `build_instances'
E, [2015-03-13T15:27:58.938467 #29057] ERROR -- Kitchen: /home/rgonzalez/.rvm/gems/ruby-2.0.0-p598/gems/test-kitchen-1.3.1/lib/kitchen/config.rb:104:in `instances'
E, [2015-03-13T15:27:58.938499 #29057] ERROR -- Kitchen: /home/rgonzalez/.rvm/gems/ruby-2.0.0-p598/gems/test-kitchen-1.3.1/lib/kitchen/command.rb:115:in `filtered_instances'
E, [2015-03-13T15:27:58.938522 #29057] ERROR -- Kitchen: /home/rgonzalez/.rvm/gems/ruby-2.0.0-p598/gems/test-kitchen-1.3.1/lib/kitchen/command.rb:145:in `parse_subcommand'
E, [2015-03-13T15:27:58.938543 #29057] ERROR -- Kitchen: /home/rgonzalez/.rvm/gems/ruby-2.0.0-p598/gems/test-kitchen-1.3.1/lib/kitchen/command/action.rb:38:in `block in call'
E, [2015-03-13T15:27:58.938564 #29057] ERROR -- Kitchen: /home/rgonzalez/.rvm/rubies/ruby-2.0.0-p598/lib/ruby/2.0.0/benchmark.rb:281:in `measure'
E, [2015-03-13T15:27:58.938584 #29057] ERROR -- Kitchen: /home/rgonzalez/.rvm/gems/ruby-2.0.0-p598/gems/test-kitchen-1.3.1/lib/kitchen/command/action.rb:37:in `call'
E, [2015-03-13T15:27:58.938605 #29057] ERROR -- Kitchen: /home/rgonzalez/.rvm/gems/ruby-2.0.0-p598/gems/test-kitchen-1.3.1/lib/kitchen/cli.rb:56:in `perform'
E, [2015-03-13T15:27:58.938626 #29057] ERROR -- Kitchen: /home/rgonzalez/.rvm/gems/ruby-2.0.0-p598/gems/test-kitchen-1.3.1/lib/kitchen/cli.rb:161:in `block (2 levels) in <class:CLI>'
E, [2015-03-13T15:27:58.938646 #29057] ERROR -- Kitchen: /home/rgonzalez/.rvm/gems/ruby-2.0.0-p598/gems/thor-0.18.1/lib/thor/command.rb:27:in `run'
E, [2015-03-13T15:27:58.938667 #29057] ERROR -- Kitchen: /home/rgonzalez/.rvm/gems/ruby-2.0.0-p598/gems/thor-0.18.1/lib/thor/invocation.rb:120:in `invoke_command'
E, [2015-03-13T15:27:58.938688 #29057] ERROR -- Kitchen: /home/rgonzalez/.rvm/gems/ruby-2.0.0-p598/gems/test-kitchen-1.3.1/lib/kitchen/cli.rb:304:in `invoke_task'
E, [2015-03-13T15:27:58.938708 #29057] ERROR -- Kitchen: /home/rgonzalez/.rvm/gems/ruby-2.0.0-p598/gems/thor-0.18.1/lib/thor.rb:363:in `dispatch'
E, [2015-03-13T15:27:58.938729 #29057] ERROR -- Kitchen: /home/rgonzalez/.rvm/gems/ruby-2.0.0-p598/gems/thor-0.18.1/lib/thor/base.rb:439:in `start'
E, [2015-03-13T15:27:58.938750 #29057] ERROR -- Kitchen: /home/rgonzalez/.rvm/gems/ruby-2.0.0-p598/gems/test-kitchen-1.3.1/bin/kitchen:13:in `block in <top (required)>'
E, [2015-03-13T15:27:58.938786 #29057] ERROR -- Kitchen: /home/rgonzalez/.rvm/gems/ruby-2.0.0-p598/gems/test-kitchen-1.3.1/lib/kitchen/errors.rb:154:in `with_friendly_errors'
E, [2015-03-13T15:27:58.938808 #29057] ERROR -- Kitchen: /home/rgonzalez/.rvm/gems/ruby-2.0.0-p598/gems/test-kitchen-1.3.1/bin/kitchen:13:in `<top (required)>'
E, [2015-03-13T15:27:58.938830 #29057] ERROR -- Kitchen: /home/rgonzalez/.rvm/gems/ruby-2.0.0-p598/bin/kitchen:23:in `load'
E, [2015-03-13T15:27:58.938851 #29057] ERROR -- Kitchen: /home/rgonzalez/.rvm/gems/ruby-2.0.0-p598/bin/kitchen:23:in `<main>'
E, [2015-03-13T15:27:58.938874 #29057] ERROR -- Kitchen: /home/rgonzalez/.rvm/gems/ruby-2.0.0-p598/bin/ruby_executable_hooks:15:in `eval'
E, [2015-03-13T15:27:58.938896 #29057] ERROR -- Kitchen: /home/rgonzalez/.rvm/gems/ruby-2.0.0-p598/bin/ruby_executable_hooks:15:in `<main>'
E, [2015-03-13T15:27:58.938918 #29057] ERROR -- Kitchen: ----------------------
I, [2015-03-13T15:42:27.775749 #29329]  INFO -- Kitchen: -----> Starting Kitchen (v1.3.1)
I, [2015-03-13T15:42:28.833316 #29329]  INFO -- Kitchen: -----> Converging <webServer-centos-66>...
I, [2015-03-13T15:42:38.019936 #29329]  INFO -- Kitchen: -----> Converging <webServer-ubuntu-1410>...
I, [2015-03-13T15:42:54.830958 #29329]  INFO -- Kitchen: -----> Kitchen is finished. (0m27.06s)
I, [2015-03-13T15:44:29.227644 #29484]  INFO -- Kitchen: -----> Starting Kitchen (v1.3.1)
I, [2015-03-13T15:44:30.400707 #29484]  INFO -- Kitchen: -----> Destroying <default-centos-66>...
I, [2015-03-13T15:44:30.402138 #29484]  INFO -- Kitchen: -----> Destroying <default-ubuntu-1410>...
I, [2015-03-13T15:44:30.402832 #29484]  INFO -- Kitchen: -----> Destroying <webServer-centos-66>...
I, [2015-03-13T15:44:34.079655 #29484]  INFO -- Kitchen: -----> Destroying <webServer-ubuntu-1410>...
I, [2015-03-13T15:44:37.628041 #29484]  INFO -- Kitchen: -----> Destroying <loadBalancer-centos-66>...
I, [2015-03-13T15:44:37.628464 #29484]  INFO -- Kitchen: -----> Destroying <loadBalancer-ubuntu-1410>...
I, [2015-03-13T15:44:37.628908 #29484]  INFO -- Kitchen: -----> Kitchen is finished. (0m8.40s)
I, [2015-03-13T19:23:20.948289 #1918]  INFO -- Kitchen: -----> Starting Kitchen (v1.3.1)
I, [2015-03-13T19:23:23.211647 #1918]  INFO -- Kitchen: -----> Destroying <default-centos-66>...
I, [2015-03-13T19:23:23.230369 #1918]  INFO -- Kitchen: -----> Destroying <default-ubuntu-1410>...
I, [2015-03-13T19:23:23.230890 #1918]  INFO -- Kitchen: -----> Destroying <webServer-centos-66>...
I, [2015-03-13T19:23:23.231264 #1918]  INFO -- Kitchen: -----> Destroying <webServer-ubuntu-1410>...
I, [2015-03-13T19:23:23.231641 #1918]  INFO -- Kitchen: -----> Destroying <loadBalancer-centos-66>...
I, [2015-03-13T19:23:23.232014 #1918]  INFO -- Kitchen: -----> Destroying <loadBalancer-ubuntu-1410>...
I, [2015-03-13T19:23:23.232454 #1918]  INFO -- Kitchen: -----> Kitchen is finished. (0m2.28s)
