I, [2015-03-12T11:49:35.048233 #3637]  INFO -- default-ubuntu-1410: -----> Creating <default-ubuntu-1410>...
I, [2015-03-12T11:49:38.311168 #3637]  INFO -- default-ubuntu-1410: Bringing machine 'default' up with 'virtualbox' provider...
I, [2015-03-12T11:49:39.234889 #3637]  INFO -- default-ubuntu-1410: ==> default: Importing base box 'opscode-ubuntu-14.10'...
I, [2015-03-12T11:50:03.866854 #3637]  INFO -- default-ubuntu-1410: [KProgress: 20%[KProgress: 30%[KProgress: 40%[KProgress: 50%[KProgress: 60%[KProgress: 70%[KProgress: 80%[KProgress: 90%[K==> default: Matching MAC address for NAT networking...
I, [2015-03-12T11:50:04.614540 #3637]  INFO -- default-ubuntu-1410: ==> default: Setting the name of the VM: default-ubuntu-1410_default_1426171804554_18348
I, [2015-03-12T11:50:05.366842 #3637]  INFO -- default-ubuntu-1410: ==> default: Clearing any previously set network interfaces...
I, [2015-03-12T11:50:05.475052 #3637]  INFO -- default-ubuntu-1410: ==> default: Preparing network interfaces based on configuration...
I, [2015-03-12T11:50:05.475352 #3637]  INFO -- default-ubuntu-1410:     default: Adapter 1: nat
I, [2015-03-12T11:50:05.586375 #3637]  INFO -- default-ubuntu-1410: ==> default: Forwarding ports...
I, [2015-03-12T11:50:05.639918 #3637]  INFO -- default-ubuntu-1410:     default: 22 => 2222 (adapter 1)
I, [2015-03-12T11:50:06.031709 #3637]  INFO -- default-ubuntu-1410: ==> default: Booting VM...
I, [2015-03-12T11:50:07.117518 #3637]  INFO -- default-ubuntu-1410: ==> default: Waiting for machine to boot. This may take a few minutes...    default: SSH address: 127.0.0.1:2222
I, [2015-03-12T11:50:07.117683 #3637]  INFO -- default-ubuntu-1410:     default: SSH username: vagrant
I, [2015-03-12T11:50:07.117874 #3637]  INFO -- default-ubuntu-1410:     default: SSH auth method: private key
I, [2015-03-12T11:50:22.250177 #3637]  INFO -- default-ubuntu-1410:     default: Warning: Connection timeout. Retrying...
I, [2015-03-12T11:50:22.856099 #3637]  INFO -- default-ubuntu-1410:     default: 
I, [2015-03-12T11:50:22.856198 #3637]  INFO -- default-ubuntu-1410:     default: Vagrant insecure key detected. Vagrant will automatically replace
I, [2015-03-12T11:50:22.856253 #3637]  INFO -- default-ubuntu-1410:     default: this with a newly generated keypair for better security.
I, [2015-03-12T11:50:23.946167 #3637]  INFO -- default-ubuntu-1410:     default: 
I, [2015-03-12T11:50:23.946251 #3637]  INFO -- default-ubuntu-1410:     default: Inserting generated public key within guest...
I, [2015-03-12T11:50:24.296797 #3637]  INFO -- default-ubuntu-1410:     default: Removing insecure key from the guest if its present...
I, [2015-03-12T11:50:24.554548 #3637]  INFO -- default-ubuntu-1410:     default: Key inserted! Disconnecting and reconnecting using new SSH key...
I, [2015-03-12T11:50:25.676153 #3637]  INFO -- default-ubuntu-1410: ==> default: Machine booted and ready!
I, [2015-03-12T11:50:25.676473 #3637]  INFO -- default-ubuntu-1410: ==> default: Checking for guest additions in VM...
I, [2015-03-12T11:50:25.716882 #3637]  INFO -- default-ubuntu-1410: ==> default: Setting hostname...
I, [2015-03-12T11:50:38.206038 #3637]  INFO -- default-ubuntu-1410: ==> default: Machine not provisioning because `--no-provision` is specified.
I, [2015-03-12T11:50:39.825721 #3637]  INFO -- default-ubuntu-1410: Vagrant instance <default-ubuntu-1410> created.
I, [2015-03-12T11:50:39.844549 #3637]  INFO -- default-ubuntu-1410: Finished creating <default-ubuntu-1410> (1m4.78s).
