E, [2015-03-11T14:11:57.571318 #28078] ERROR -- Kitchen: ------Exception-------
E, [2015-03-11T14:11:57.571421 #28078] ERROR -- Kitchen: Class: Kitchen::UserError
E, [2015-03-11T14:11:57.571458 #28078] ERROR -- Kitchen: Message: Error parsing /home/rgonzalez/chef-training/chef-repo/cookbooks/rgonzalez-cookbook/.kitchen.yml as YAML.
Please run `kitchen diagnose --no-instances --loader' to help debug your issue.
E, [2015-03-11T14:11:57.571488 #28078] ERROR -- Kitchen: ---Nested Exception---
E, [2015-03-11T14:11:57.571515 #28078] ERROR -- Kitchen: Class: Psych::SyntaxError
E, [2015-03-11T14:11:57.571541 #28078] ERROR -- Kitchen: Message: (<unknown>): found a tab character that violate intendation while scanning a plain scalar at line 9 column 11
E, [2015-03-11T14:11:57.571568 #28078] ERROR -- Kitchen: ------Backtrace-------
E, [2015-03-11T14:11:57.571596 #28078] ERROR -- Kitchen: /home/rgonzalez/.rvm/gems/ruby-2.0.0-p598/gems/test-kitchen-1.3.1/lib/kitchen/loader/yaml.rb:343:in `rescue in parse_yaml_string'
E, [2015-03-11T14:11:57.571626 #28078] ERROR -- Kitchen: /home/rgonzalez/.rvm/gems/ruby-2.0.0-p598/gems/test-kitchen-1.3.1/lib/kitchen/loader/yaml.rb:332:in `parse_yaml_string'
E, [2015-03-11T14:11:57.571654 #28078] ERROR -- Kitchen: /home/rgonzalez/.rvm/gems/ruby-2.0.0-p598/gems/test-kitchen-1.3.1/lib/kitchen/loader/yaml.rb:138:in `yaml'
E, [2015-03-11T14:11:57.571682 #28078] ERROR -- Kitchen: /home/rgonzalez/.rvm/gems/ruby-2.0.0-p598/gems/test-kitchen-1.3.1/lib/kitchen/loader/yaml.rb:126:in `combined_hash'
E, [2015-03-11T14:11:57.571715 #28078] ERROR -- Kitchen: /home/rgonzalez/.rvm/gems/ruby-2.0.0-p598/gems/test-kitchen-1.3.1/lib/kitchen/loader/yaml.rb:77:in `read'
E, [2015-03-11T14:11:57.571744 #28078] ERROR -- Kitchen: /home/rgonzalez/.rvm/gems/ruby-2.0.0-p598/gems/test-kitchen-1.3.1/lib/kitchen/config.rb:139:in `data'
E, [2015-03-11T14:11:57.571777 #28078] ERROR -- Kitchen: /home/rgonzalez/.rvm/gems/ruby-2.0.0-p598/gems/test-kitchen-1.3.1/lib/kitchen/config.rb:118:in `suites'
E, [2015-03-11T14:11:57.571806 #28078] ERROR -- Kitchen: /home/rgonzalez/.rvm/gems/ruby-2.0.0-p598/gems/test-kitchen-1.3.1/lib/kitchen/config.rb:169:in `filter_instances'
E, [2015-03-11T14:11:57.571833 #28078] ERROR -- Kitchen: /home/rgonzalez/.rvm/gems/ruby-2.0.0-p598/gems/test-kitchen-1.3.1/lib/kitchen/config.rb:128:in `build_instances'
E, [2015-03-11T14:11:57.571860 #28078] ERROR -- Kitchen: /home/rgonzalez/.rvm/gems/ruby-2.0.0-p598/gems/test-kitchen-1.3.1/lib/kitchen/config.rb:104:in `instances'
E, [2015-03-11T14:11:57.571888 #28078] ERROR -- Kitchen: /home/rgonzalez/.rvm/gems/ruby-2.0.0-p598/gems/test-kitchen-1.3.1/lib/kitchen/command.rb:115:in `filtered_instances'
E, [2015-03-11T14:11:57.571917 #28078] ERROR -- Kitchen: /home/rgonzalez/.rvm/gems/ruby-2.0.0-p598/gems/test-kitchen-1.3.1/lib/kitchen/command.rb:145:in `parse_subcommand'
E, [2015-03-11T14:11:57.571945 #28078] ERROR -- Kitchen: /home/rgonzalez/.rvm/gems/ruby-2.0.0-p598/gems/test-kitchen-1.3.1/lib/kitchen/command/list.rb:32:in `call'
E, [2015-03-11T14:11:57.571972 #28078] ERROR -- Kitchen: /home/rgonzalez/.rvm/gems/ruby-2.0.0-p598/gems/test-kitchen-1.3.1/lib/kitchen/cli.rb:56:in `perform'
E, [2015-03-11T14:11:57.571999 #28078] ERROR -- Kitchen: /home/rgonzalez/.rvm/gems/ruby-2.0.0-p598/gems/test-kitchen-1.3.1/lib/kitchen/cli.rb:97:in `list'
E, [2015-03-11T14:11:57.572027 #28078] ERROR -- Kitchen: /home/rgonzalez/.rvm/gems/ruby-2.0.0-p598/gems/thor-0.18.1/lib/thor/command.rb:27:in `run'
E, [2015-03-11T14:11:57.572055 #28078] ERROR -- Kitchen: /home/rgonzalez/.rvm/gems/ruby-2.0.0-p598/gems/thor-0.18.1/lib/thor/invocation.rb:120:in `invoke_command'
E, [2015-03-11T14:11:57.572084 #28078] ERROR -- Kitchen: /home/rgonzalez/.rvm/gems/ruby-2.0.0-p598/gems/test-kitchen-1.3.1/lib/kitchen/cli.rb:304:in `invoke_task'
E, [2015-03-11T14:11:57.572112 #28078] ERROR -- Kitchen: /home/rgonzalez/.rvm/gems/ruby-2.0.0-p598/gems/thor-0.18.1/lib/thor.rb:363:in `dispatch'
E, [2015-03-11T14:11:57.572142 #28078] ERROR -- Kitchen: /home/rgonzalez/.rvm/gems/ruby-2.0.0-p598/gems/thor-0.18.1/lib/thor/base.rb:439:in `start'
E, [2015-03-11T14:11:57.572177 #28078] ERROR -- Kitchen: /home/rgonzalez/.rvm/gems/ruby-2.0.0-p598/gems/test-kitchen-1.3.1/bin/kitchen:13:in `block in <top (required)>'
E, [2015-03-11T14:11:57.572208 #28078] ERROR -- Kitchen: /home/rgonzalez/.rvm/gems/ruby-2.0.0-p598/gems/test-kitchen-1.3.1/lib/kitchen/errors.rb:154:in `with_friendly_errors'
E, [2015-03-11T14:11:57.572236 #28078] ERROR -- Kitchen: /home/rgonzalez/.rvm/gems/ruby-2.0.0-p598/gems/test-kitchen-1.3.1/bin/kitchen:13:in `<top (required)>'
E, [2015-03-11T14:11:57.572265 #28078] ERROR -- Kitchen: /home/rgonzalez/.rvm/gems/ruby-2.0.0-p598/bin/kitchen:23:in `load'
E, [2015-03-11T14:11:57.572293 #28078] ERROR -- Kitchen: /home/rgonzalez/.rvm/gems/ruby-2.0.0-p598/bin/kitchen:23:in `<main>'
E, [2015-03-11T14:11:57.572321 #28078] ERROR -- Kitchen: /home/rgonzalez/.rvm/gems/ruby-2.0.0-p598/bin/ruby_executable_hooks:15:in `eval'
E, [2015-03-11T14:11:57.572349 #28078] ERROR -- Kitchen: /home/rgonzalez/.rvm/gems/ruby-2.0.0-p598/bin/ruby_executable_hooks:15:in `<main>'
E, [2015-03-11T14:11:57.572377 #28078] ERROR -- Kitchen: ----------------------
I, [2015-03-11T14:38:46.774651 #29168]  INFO -- Kitchen: -----> Starting Kitchen (v1.3.1)
I, [2015-03-11T14:38:47.054601 #29168]  INFO -- Kitchen: -----> Creating <default-opscode-ubuntu-1410>...
I, [2015-03-11T14:39:44.513761 #29168]  INFO -- Kitchen: -----> Kitchen is finished. (0m57.74s)
I, [2015-03-11T14:40:24.302673 #30403]  INFO -- Kitchen: -----> Starting Kitchen (v1.3.1)
I, [2015-03-11T14:40:24.583518 #30403]  INFO -- Kitchen: -----> Converging <default-opscode-ubuntu-1410>...
E, [2015-03-11T14:45:05.223076 #30403] ERROR -- Kitchen: Converge failed on instance <default-opscode-ubuntu-1410>.
I, [2015-03-11T14:49:46.562586 #30537]  INFO -- Kitchen: -----> Starting Kitchen (v1.3.1)
I, [2015-03-11T14:49:46.890167 #30537]  INFO -- Kitchen: -----> Converging <default-opscode-ubuntu-1410>...
I, [2015-03-11T14:49:56.737567 #30537]  INFO -- Kitchen: -----> Kitchen is finished. (0m10.17s)
I, [2015-03-11T14:50:36.282728 #30590]  INFO -- Kitchen: -----> Starting Kitchen (v1.3.1)
I, [2015-03-11T14:50:36.566643 #30590]  INFO -- Kitchen: -----> Destroying <default-opscode-ubuntu-1410>...
I, [2015-03-11T14:50:41.314399 #30590]  INFO -- Kitchen: -----> Kitchen is finished. (0m5.03s)
I, [2015-03-11T15:14:38.485420 #31347]  INFO -- Kitchen: -----> Starting Kitchen (v1.3.1)
I, [2015-03-11T15:14:38.771722 #31347]  INFO -- Kitchen: -----> Creating <default-opscode-ubuntu-1410>...
I, [2015-03-11T15:15:35.708620 #31347]  INFO -- Kitchen: -----> Converging <default-opscode-ubuntu-1410>...
E, [2015-03-11T15:18:46.233477 #31347] ERROR -- Kitchen: Converge failed on instance <default-opscode-ubuntu-1410>.
I, [2015-03-11T15:19:03.044167 #32657]  INFO -- Kitchen: -----> Starting Kitchen (v1.3.1)
I, [2015-03-11T15:19:03.365310 #32657]  INFO -- Kitchen: -----> Converging <default-opscode-ubuntu-1410>...
I, [2015-03-11T15:19:13.778960 #32657]  INFO -- Kitchen: -----> Kitchen is finished. (0m10.73s)
