I, [2015-03-12T17:32:13.428444 #9930]  INFO -- Kitchen: -----> Starting Kitchen (v1.3.1)
I, [2015-03-12T17:32:14.482580 #9930]  INFO -- Kitchen: -----> Creating <server-ubuntu-1410>...
I, [2015-03-12T17:33:11.091516 #9930]  INFO -- Kitchen: -----> Converging <server-ubuntu-1410>...
E, [2015-03-12T17:33:11.099283 #9930] ERROR -- Kitchen: ------Exception-------
E, [2015-03-12T17:33:11.099328 #9930] ERROR -- Kitchen: Class: Kitchen::ActionFailed
E, [2015-03-12T17:33:11.099367 #9930] ERROR -- Kitchen: Message: Failed to complete #converge action: [Berkshelf::BerksfileReadError]
E, [2015-03-12T17:33:11.099562 #9930] ERROR -- Kitchen: ---Nested Exception---
E, [2015-03-12T17:33:11.099592 #9930] ERROR -- Kitchen: Class: Berkshelf::BerksfileReadError
E, [2015-03-12T17:33:11.099630 #9930] ERROR -- Kitchen: Message: Berkshelf::BerksfileReadError
E, [2015-03-12T17:33:11.099653 #9930] ERROR -- Kitchen: ------Backtrace-------
E, [2015-03-12T17:33:11.099674 #9930] ERROR -- Kitchen: /home/rgonzalez/chef-training/chef-repo/cookbooks/rgonzalezLoadBalancer/Berksfile:1:in `block in dsl_eval_file'
E, [2015-03-12T17:33:11.099719 #9930] ERROR -- Kitchen: /home/rgonzalez/.rvm/gems/ruby-2.0.0-p598/gems/berkshelf-2.0.18/lib/berkshelf/mixin/dsl_eval.rb:54:in `eval'
E, [2015-03-12T17:33:11.099743 #9930] ERROR -- Kitchen: /home/rgonzalez/.rvm/gems/ruby-2.0.0-p598/gems/berkshelf-2.0.18/lib/berkshelf/mixin/dsl_eval.rb:54:in `block in dsl_eval_file'
E, [2015-03-12T17:33:11.099764 #9930] ERROR -- Kitchen: /home/rgonzalez/.rvm/gems/ruby-2.0.0-p598/gems/berkshelf-2.0.18/lib/berkshelf/mixin/dsl_eval.rb:44:in `instance_eval'
E, [2015-03-12T17:33:11.099786 #9930] ERROR -- Kitchen: /home/rgonzalez/.rvm/gems/ruby-2.0.0-p598/gems/berkshelf-2.0.18/lib/berkshelf/mixin/dsl_eval.rb:44:in `dsl_eval'
E, [2015-03-12T17:33:11.099809 #9930] ERROR -- Kitchen: /home/rgonzalez/.rvm/gems/ruby-2.0.0-p598/gems/berkshelf-2.0.18/lib/berkshelf/mixin/dsl_eval.rb:54:in `dsl_eval_file'
E, [2015-03-12T17:33:11.099832 #9930] ERROR -- Kitchen: /home/rgonzalez/.rvm/gems/ruby-2.0.0-p598/gems/berkshelf-2.0.18/lib/berkshelf/berksfile.rb:12:in `from_file'
E, [2015-03-12T17:33:11.099856 #9930] ERROR -- Kitchen: /home/rgonzalez/.rvm/gems/ruby-2.0.0-p598/gems/test-kitchen-1.3.1/lib/kitchen/provisioner/chef/berkshelf.rb:70:in `block in resolve'
E, [2015-03-12T17:33:11.099880 #9930] ERROR -- Kitchen: /home/rgonzalez/.rvm/gems/ruby-2.0.0-p598/gems/thor-0.18.1/lib/thor/shell/basic.rb:19:in `mute'
E, [2015-03-12T17:33:11.099903 #9930] ERROR -- Kitchen: /home/rgonzalez/.rvm/gems/ruby-2.0.0-p598/gems/test-kitchen-1.3.1/lib/kitchen/provisioner/chef/berkshelf.rb:64:in `resolve'
E, [2015-03-12T17:33:11.099925 #9930] ERROR -- Kitchen: /home/rgonzalez/.rvm/gems/ruby-2.0.0-p598/gems/test-kitchen-1.3.1/lib/kitchen/provisioner/chef_base.rb:430:in `block in resolve_with_berkshelf'
E, [2015-03-12T17:33:11.099948 #9930] ERROR -- Kitchen: /home/rgonzalez/.rvm/gems/ruby-2.0.0-p598/gems/test-kitchen-1.3.1/lib/kitchen/provisioner/chef_base.rb:429:in `synchronize'
E, [2015-03-12T17:33:11.099974 #9930] ERROR -- Kitchen: /home/rgonzalez/.rvm/gems/ruby-2.0.0-p598/gems/test-kitchen-1.3.1/lib/kitchen/provisioner/chef_base.rb:429:in `resolve_with_berkshelf'
E, [2015-03-12T17:33:11.099998 #9930] ERROR -- Kitchen: /home/rgonzalez/.rvm/gems/ruby-2.0.0-p598/gems/test-kitchen-1.3.1/lib/kitchen/provisioner/chef_base.rb:274:in `prepare_cookbooks'
E, [2015-03-12T17:33:11.100021 #9930] ERROR -- Kitchen: /home/rgonzalez/.rvm/gems/ruby-2.0.0-p598/gems/test-kitchen-1.3.1/lib/kitchen/provisioner/chef_base.rb:106:in `create_sandbox'
E, [2015-03-12T17:33:11.100045 #9930] ERROR -- Kitchen: /home/rgonzalez/.rvm/gems/ruby-2.0.0-p598/gems/test-kitchen-1.3.1/lib/kitchen/provisioner/chef_solo.rb:38:in `create_sandbox'
E, [2015-03-12T17:33:11.100068 #9930] ERROR -- Kitchen: /home/rgonzalez/.rvm/gems/ruby-2.0.0-p598/gems/test-kitchen-1.3.1/lib/kitchen/driver/ssh_base.rb:42:in `converge'
E, [2015-03-12T17:33:11.100091 #9930] ERROR -- Kitchen: /home/rgonzalez/.rvm/gems/ruby-2.0.0-p598/gems/kitchen-vagrant-0.15.0/lib/kitchen/driver/vagrant.rb:75:in `converge'
E, [2015-03-12T17:33:11.100122 #9930] ERROR -- Kitchen: /home/rgonzalez/.rvm/gems/ruby-2.0.0-p598/gems/test-kitchen-1.3.1/lib/kitchen/instance.rb:352:in `public_send'
E, [2015-03-12T17:33:11.100146 #9930] ERROR -- Kitchen: /home/rgonzalez/.rvm/gems/ruby-2.0.0-p598/gems/test-kitchen-1.3.1/lib/kitchen/instance.rb:352:in `block in perform_action'
E, [2015-03-12T17:33:11.100170 #9930] ERROR -- Kitchen: /home/rgonzalez/.rvm/gems/ruby-2.0.0-p598/gems/test-kitchen-1.3.1/lib/kitchen/instance.rb:416:in `call'
E, [2015-03-12T17:33:11.100194 #9930] ERROR -- Kitchen: /home/rgonzalez/.rvm/gems/ruby-2.0.0-p598/gems/test-kitchen-1.3.1/lib/kitchen/instance.rb:416:in `synchronize_or_call'
E, [2015-03-12T17:33:11.100217 #9930] ERROR -- Kitchen: /home/rgonzalez/.rvm/gems/ruby-2.0.0-p598/gems/test-kitchen-1.3.1/lib/kitchen/instance.rb:381:in `block in action'
E, [2015-03-12T17:33:11.100240 #9930] ERROR -- Kitchen: /home/rgonzalez/.rvm/rubies/ruby-2.0.0-p598/lib/ruby/2.0.0/benchmark.rb:281:in `measure'
E, [2015-03-12T17:33:11.100264 #9930] ERROR -- Kitchen: /home/rgonzalez/.rvm/gems/ruby-2.0.0-p598/gems/test-kitchen-1.3.1/lib/kitchen/instance.rb:380:in `action'
E, [2015-03-12T17:33:11.100286 #9930] ERROR -- Kitchen: /home/rgonzalez/.rvm/gems/ruby-2.0.0-p598/gems/test-kitchen-1.3.1/lib/kitchen/instance.rb:352:in `perform_action'
E, [2015-03-12T17:33:11.100309 #9930] ERROR -- Kitchen: /home/rgonzalez/.rvm/gems/ruby-2.0.0-p598/gems/test-kitchen-1.3.1/lib/kitchen/instance.rb:312:in `converge_action'
E, [2015-03-12T17:33:11.100333 #9930] ERROR -- Kitchen: /home/rgonzalez/.rvm/gems/ruby-2.0.0-p598/gems/test-kitchen-1.3.1/lib/kitchen/instance.rb:292:in `block in transition_to'
E, [2015-03-12T17:33:11.100356 #9930] ERROR -- Kitchen: /home/rgonzalez/.rvm/gems/ruby-2.0.0-p598/gems/test-kitchen-1.3.1/lib/kitchen/instance.rb:291:in `each'
E, [2015-03-12T17:33:11.100379 #9930] ERROR -- Kitchen: /home/rgonzalez/.rvm/gems/ruby-2.0.0-p598/gems/test-kitchen-1.3.1/lib/kitchen/instance.rb:291:in `transition_to'
E, [2015-03-12T17:33:11.100404 #9930] ERROR -- Kitchen: /home/rgonzalez/.rvm/gems/ruby-2.0.0-p598/gems/test-kitchen-1.3.1/lib/kitchen/instance.rb:130:in `converge'
E, [2015-03-12T17:33:11.100425 #9930] ERROR -- Kitchen: /home/rgonzalez/.rvm/gems/ruby-2.0.0-p598/gems/test-kitchen-1.3.1/lib/kitchen/command.rb:176:in `public_send'
E, [2015-03-12T17:33:11.100448 #9930] ERROR -- Kitchen: /home/rgonzalez/.rvm/gems/ruby-2.0.0-p598/gems/test-kitchen-1.3.1/lib/kitchen/command.rb:176:in `block (2 levels) in run_action'
E, [2015-03-12T17:33:11.100471 #9930] ERROR -- Kitchen: /home/rgonzalez/.rvm/gems/ruby-2.0.0-p598/gems/logging-1.8.2/lib/logging/diagnostic_context.rb:323:in `call'
E, [2015-03-12T17:33:11.100493 #9930] ERROR -- Kitchen: /home/rgonzalez/.rvm/gems/ruby-2.0.0-p598/gems/logging-1.8.2/lib/logging/diagnostic_context.rb:323:in `block in create_with_logging_context'
E, [2015-03-12T17:33:11.100549 #9930] ERROR -- Kitchen: ----------------------
I, [2015-03-12T17:36:01.962155 #11322]  INFO -- Kitchen: -----> Starting Kitchen (v1.3.1)
I, [2015-03-12T17:36:03.116950 #11322]  INFO -- Kitchen: -----> Converging <server-ubuntu-1410>...
I, [2015-03-12T17:37:31.703137 #11322]  INFO -- Kitchen: -----> Kitchen is finished. (1m29.74s)
I, [2015-03-12T17:45:26.779103 #11529]  INFO -- Kitchen: -----> Starting Kitchen (v1.3.1)
I, [2015-03-12T17:45:27.817013 #11529]  INFO -- Kitchen: -----> Destroying <server-ubuntu-1410>...
I, [2015-03-12T17:45:31.389503 #11529]  INFO -- Kitchen: -----> Kitchen is finished. (0m4.61s)
